TN:
SF:src/modules/appointments/services/CreateAppointment/CreateAppointmentService.ts
FN:18,(anonymous_5)
FN:26,(anonymous_6)
FNF:2
FNH:2
FNDA:5,(anonymous_5)
FNDA:7,(anonymous_6)
DA:1,1
DA:2,1
DA:4,1
DA:17,1
DA:20,5
DA:23,5
DA:27,7
DA:29,7
DA:30,1
DA:33,6
DA:35,6
DA:36,1
DA:39,5
DA:40,1
DA:43,4
DA:44,2
DA:47,2
DA:49,2
DA:51,2
DA:55,2
LF:20
LH:20
BRDA:29,0,0,1
BRDA:29,0,1,6
BRDA:35,1,0,1
BRDA:35,1,1,5
BRDA:39,2,0,1
BRDA:39,2,1,4
BRDA:43,3,0,2
BRDA:43,3,1,2
BRDA:43,4,0,4
BRDA:43,4,1,3
BRF:10
BRH:10
end_of_record
TN:
SF:src/modules/appointments/services/ListAppointments/ListAppointmentsService.ts
FN:16,(anonymous_4)
FN:21,(anonymous_5)
FNF:2
FNH:2
FNDA:1,(anonymous_4)
FNDA:1,(anonymous_5)
DA:1,1
DA:2,1
DA:15,1
DA:18,1
DA:22,1
DA:24,1
LF:6
LH:6
BRF:0
BRH:0
end_of_record
TN:
SF:src/modules/appointments/services/ListDayAvailability/ListDayAvailabilityService.ts
FN:21,(anonymous_4)
FN:26,(anonymous_5)
FN:31,(anonymous_6)
FN:35,(anonymous_7)
FN:36,(anonymous_8)
FNF:5
FNH:5
FNDA:1,(anonymous_4)
FNDA:1,(anonymous_5)
FNDA:10,(anonymous_6)
FNDA:10,(anonymous_7)
FNDA:19,(anonymous_8)
DA:1,1
DA:2,1
DA:3,1
DA:20,1
DA:23,1
DA:27,1
DA:29,1
DA:31,10
DA:33,1
DA:35,1
DA:36,19
DA:38,10
DA:40,10
DA:46,1
LF:14
LH:14
BRDA:42,0,0,10
BRDA:42,0,1,8
BRF:2
BRH:2
end_of_record
TN:
SF:src/modules/appointments/services/ListMonthAvailability/ListMonthAvailabilityService.ts
FN:20,(anonymous_4)
FN:25,(anonymous_5)
FN:32,(anonymous_6)
FN:35,(anonymous_7)
FN:36,(anonymous_8)
FNF:5
FNH:5
FNDA:1,(anonymous_4)
FNDA:1,(anonymous_5)
FNDA:31,(anonymous_6)
FNDA:31,(anonymous_7)
FNDA:341,(anonymous_8)
DA:1,1
DA:2,1
DA:3,1
DA:19,1
DA:22,1
DA:26,1
DA:28,1
DA:30,1
DA:32,31
DA:35,1
DA:36,31
DA:37,341
DA:40,31
DA:46,1
LF:14
LH:14
BRF:0
BRH:0
end_of_record
TN:
SF:src/modules/appointments/services/ListProviders/ListProvidersService.ts
FN:13,(anonymous_4)
FN:18,(anonymous_5)
FNF:2
FNH:2
FNDA:1,(anonymous_4)
FNDA:1,(anonymous_5)
DA:1,1
DA:12,1
DA:15,1
DA:19,1
DA:21,1
LF:5
LH:5
BRF:0
BRH:0
end_of_record
TN:
SF:src/modules/users/services/CreateUser/CreateUserService.ts
FN:16,(anonymous_5)
FN:24,(anonymous_6)
FNF:2
FNH:2
FNDA:2,(anonymous_5)
FNDA:3,(anonymous_6)
DA:1,1
DA:2,1
DA:15,1
DA:18,2
DA:21,2
DA:25,3
DA:27,3
DA:28,1
DA:31,2
DA:33,2
DA:39,2
LF:11
LH:11
BRDA:27,0,0,1
BRDA:27,0,1,2
BRF:2
BRH:2
end_of_record
TN:
SF:src/modules/users/services/ResetPassword/ResetPasswordService.ts
FN:16,(anonymous_5)
FN:27,(anonymous_6)
FNF:2
FNH:2
FNDA:4,(anonymous_5)
FNDA:4,(anonymous_6)
DA:1,1
DA:2,1
DA:3,1
DA:15,1
DA:18,4
DA:21,4
DA:24,4
DA:28,4
DA:30,4
DA:31,1
DA:33,3
DA:35,3
DA:36,1
DA:39,2
DA:40,2
DA:42,2
DA:43,1
DA:46,1
DA:48,1
LF:19
LH:19
BRDA:30,0,0,1
BRDA:30,0,1,3
BRDA:35,1,0,1
BRDA:35,1,1,2
BRDA:42,2,0,1
BRDA:42,2,1,1
BRF:6
BRH:6
end_of_record
TN:
SF:src/modules/users/services/SendForgotPassword/SendForgotPasswordEmailService.ts
FN:15,(anonymous_5)
FN:26,(anonymous_6)
FNF:2
FNH:2
FNDA:3,(anonymous_5)
FNDA:3,(anonymous_6)
DA:1,1
DA:2,1
DA:3,1
DA:14,1
DA:17,3
DA:20,3
DA:23,3
DA:27,3
DA:29,3
DA:30,1
DA:33,2
DA:35,2
DA:37,2
LF:13
LH:13
BRDA:29,0,0,1
BRDA:29,0,1,2
BRF:2
BRH:2
end_of_record
TN:
SF:src/modules/users/services/ShowProfile/ShowProfileService.ts
FN:14,(anonymous_5)
FN:19,(anonymous_6)
FNF:2
FNH:2
FNDA:2,(anonymous_5)
FNDA:2,(anonymous_6)
DA:1,1
DA:3,1
DA:13,1
DA:16,2
DA:20,2
DA:22,2
DA:23,1
DA:26,1
LF:8
LH:8
BRDA:22,0,0,1
BRDA:22,0,1,1
BRF:2
BRH:2
end_of_record
TN:
SF:src/modules/users/services/UpdateAvatar/UpdateAvatarService.ts
FN:16,(anonymous_5)
FN:24,(anonymous_6)
FNF:2
FNH:2
FNDA:3,(anonymous_5)
FNDA:4,(anonymous_6)
DA:1,1
DA:3,1
DA:15,1
DA:18,3
DA:21,3
DA:25,4
DA:27,4
DA:28,1
DA:31,3
DA:32,1
DA:35,3
DA:36,3
DA:38,3
DA:40,3
LF:14
LH:14
BRDA:27,0,0,1
BRDA:27,0,1,3
BRDA:31,1,0,1
BRDA:31,1,1,2
BRF:4
BRH:4
end_of_record
TN:
SF:src/modules/users/services/UpdateProfile/UpdateProfileService.ts
FN:20,(anonymous_5)
FN:29,(anonymous_6)
FNF:2
FNH:2
FNDA:5,(anonymous_5)
FNDA:5,(anonymous_6)
DA:1,1
DA:3,1
DA:19,1
DA:22,5
DA:25,5
DA:30,5
DA:32,5
DA:33,1
DA:36,4
DA:38,4
DA:39,1
DA:42,3
DA:43,2
DA:48,2
DA:49,1
DA:52,1
DA:55,2
DA:56,2
DA:58,2
DA:60,2
LF:20
LH:20
BRDA:32,0,0,1
BRDA:32,0,1,4
BRDA:38,1,0,1
BRDA:38,1,1,3
BRDA:38,2,0,4
BRDA:38,2,1,2
BRDA:42,3,0,2
BRDA:42,3,1,1
BRDA:42,4,0,3
BRDA:42,4,1,2
BRDA:48,5,0,1
BRDA:48,5,1,1
BRF:12
BRH:12
end_of_record
TN:
SF:src/shared/middlewares/sessions/services/CreateSession/CreateSessionService.ts
FN:23,(anonymous_5)
FN:31,(anonymous_6)
FNF:2
FNH:2
FNDA:3,(anonymous_5)
FNDA:3,(anonymous_6)
DA:1,1
DA:2,1
DA:4,1
DA:6,1
DA:22,1
DA:25,3
DA:28,3
DA:32,3
DA:34,3
DA:35,1
DA:38,2
DA:39,2
DA:40,1
DA:43,1
DA:44,1
DA:49,1
LF:16
LH:16
BRDA:34,0,0,1
BRDA:34,0,1,2
BRDA:39,1,0,1
BRDA:39,1,1,1
BRF:4
BRH:4
end_of_record
